[01m[K/home/alve/control-sp/control_ws/control_estimation/src/estimation.cpp:[m[K In constructor â€˜[01m[KEstimation::Estimation()[m[Kâ€™:
[01m[K/home/alve/control-sp/control_ws/control_estimation/src/estimation.cpp:20:5:[m[K [01;31m[Kerror: [m[Kâ€˜[01m[Ktimer_[m[Kâ€™ was not declared in this scope; did you mean â€˜[01m[Ktimer_t[m[Kâ€™?
   20 |     [01;31m[Ktimer_[m[K = this->create_wall_timer(500ms, std::bind(&MinimalPublisher::post_result, this));
      |     [01;31m[K^~~~~~[m[K
      |     [32m[Ktimer_t[m[K
[01m[K/home/alve/control-sp/control_ws/control_estimation/src/estimation.cpp:20:38:[m[K [01;31m[Kerror: [m[Kunable to find numeric literal operator â€˜[01m[Koperator""ms[m[Kâ€™
   20 |     timer_ = this->create_wall_timer([01;31m[K500ms[m[K, std::bind(&MinimalPublisher::post_result, this));
      |                                      [01;31m[K^~~~~[m[K
[01m[K/home/alve/control-sp/control_ws/control_estimation/src/estimation.cpp:20:56:[m[K [01;31m[Kerror: [m[Kâ€˜[01m[KMinimalPublisher[m[Kâ€™ has not been declared
   20 |     timer_ = this->create_wall_timer(500ms, std::bind(&[01;31m[KMinimalPublisher[m[K::post_result, this));
      |                                                        [01;31m[K^~~~~~~~~~~~~~~~[m[K
gmake[2]: *** [CMakeFiles/estimation.dir/build.make:76: CMakeFiles/estimation.dir/src/estimation.cpp.o] Error 1
gmake[1]: *** [CMakeFiles/Makefile2:137: CMakeFiles/estimation.dir/all] Error 2
gmake: *** [Makefile:146: all] Error 2
