[0.008s] Invoking command in '/home/alve/control-sp/control_ws/control_estimation/build/control_estimation': CMAKE_PREFIX_PATH=${CMAKE_PREFIX_PATH}:/home/alve/control-sp/control_ws/install/mapper:/opt/ros/humble /usr/bin/cmake --build /home/alve/control-sp/control_ws/control_estimation/build/control_estimation -- -j20 -l20
[0.027s] -- Found ament_cmake: 1.3.9 (/opt/ros/humble/share/ament_cmake/cmake)
[0.113s] -- Override CMake install command with custom implementation using symlinks instead of copying resources
[0.124s] -- Found rclcpp: 16.0.9 (/opt/ros/humble/share/rclcpp/cmake)
[0.161s] -- Found rosidl_generator_c: 3.1.5 (/opt/ros/humble/share/rosidl_generator_c/cmake)
[0.165s] -- Found rosidl_adapter: 3.1.5 (/opt/ros/humble/share/rosidl_adapter/cmake)
[0.173s] -- Found rosidl_generator_cpp: 3.1.5 (/opt/ros/humble/share/rosidl_generator_cpp/cmake)
[0.184s] -- Using all available rosidl_typesupport_c: rosidl_typesupport_fastrtps_c;rosidl_typesupport_introspection_c
[0.197s] -- Using all available rosidl_typesupport_cpp: rosidl_typesupport_fastrtps_cpp;rosidl_typesupport_introspection_cpp
[0.248s] -- Found rmw_implementation_cmake: 6.1.2 (/opt/ros/humble/share/rmw_implementation_cmake/cmake)
[0.251s] -- Found rmw_fastrtps_cpp: 6.2.6 (/opt/ros/humble/share/rmw_fastrtps_cpp/cmake)
[0.333s] -- Using RMW implementation 'rmw_fastrtps_cpp' as default
[0.535s] -- Found visualization_msgs: 4.2.4 (/opt/ros/humble/share/visualization_msgs/cmake)
[0.851s] -- Found ament_lint_auto: 0.12.11 (/opt/ros/humble/share/ament_lint_auto/cmake)
[0.959s] -- Added test 'cppcheck' to perform static code analysis on C / C++ code
[0.959s] -- Configured cppcheck include dirs: 
[0.959s] -- Configured cppcheck exclude dirs and/or files: 
[0.961s] -- Added test 'flake8' to check Python code syntax and style conventions
[0.967s] -- Added test 'lint_cmake' to check CMake code style
[0.971s] -- Added test 'pep257' to check Python code against some of the docstring style conventions in PEP 257
[0.990s] -- Added test 'uncrustify' to check C / C++ code style
[0.990s] -- Configured uncrustify additional arguments: 
[0.994s] -- Added test 'xmllint' to check XML markup files
[0.996s] -- Configuring done
[1.009s] -- Generating done
[1.011s] -- Build files have been written to: /home/alve/control-sp/control_ws/control_estimation/build/control_estimation
[1.039s] [35m[1mConsolidate compiler generated dependencies of target estimation[0m
[1.058s] [ 50%] [32mBuilding CXX object CMakeFiles/estimation.dir/src/estimation.cpp.o[0m
[3.033s] [01m[K/home/alve/control-sp/control_ws/control_estimation/src/estimation.cpp:[m[K In constructor â€˜[01m[KEstimation::Estimation()[m[Kâ€™:
[3.033s] [01m[K/home/alve/control-sp/control_ws/control_estimation/src/estimation.cpp:20:5:[m[K [01;31m[Kerror: [m[Kâ€˜[01m[Ktimer_[m[Kâ€™ was not declared in this scope; did you mean â€˜[01m[Ktimer_t[m[Kâ€™?
[3.033s]    20 |     [01;31m[Ktimer_[m[K = this->create_wall_timer(500ms, std::bind(&MinimalPublisher::post_result, this));
[3.033s]       |     [01;31m[K^~~~~~[m[K
[3.033s]       |     [32m[Ktimer_t[m[K
[3.033s] [01m[K/home/alve/control-sp/control_ws/control_estimation/src/estimation.cpp:20:38:[m[K [01;31m[Kerror: [m[Kunable to find numeric literal operator â€˜[01m[Koperator""ms[m[Kâ€™
[3.033s]    20 |     timer_ = this->create_wall_timer([01;31m[K500ms[m[K, std::bind(&MinimalPublisher::post_result, this));
[3.033s]       |                                      [01;31m[K^~~~~[m[K
[3.033s] [01m[K/home/alve/control-sp/control_ws/control_estimation/src/estimation.cpp:20:56:[m[K [01;31m[Kerror: [m[Kâ€˜[01m[KMinimalPublisher[m[Kâ€™ has not been declared
[3.033s]    20 |     timer_ = this->create_wall_timer(500ms, std::bind(&[01;31m[KMinimalPublisher[m[K::post_result, this));
[3.033s]       |                                                        [01;31m[K^~~~~~~~~~~~~~~~[m[K
[6.131s] gmake[2]: *** [CMakeFiles/estimation.dir/build.make:76: CMakeFiles/estimation.dir/src/estimation.cpp.o] Error 1
[6.131s] gmake[1]: *** [CMakeFiles/Makefile2:137: CMakeFiles/estimation.dir/all] Error 2
[6.131s] gmake: *** [Makefile:146: all] Error 2
[6.134s] Invoked command in '/home/alve/control-sp/control_ws/control_estimation/build/control_estimation' returned '2': CMAKE_PREFIX_PATH=${CMAKE_PREFIX_PATH}:/home/alve/control-sp/control_ws/install/mapper:/opt/ros/humble /usr/bin/cmake --build /home/alve/control-sp/control_ws/control_estimation/build/control_estimation -- -j20 -l20
